1475779413|/index.php?id=log|http://mysite2.local/index.php
1475779424|/index.php?id=log|http://mysite2.local/index.php
1475779468|/index.php?id=log|http://mysite2.local/index.php
1475779470|/index.php?id=log|http://mysite2.local/index.php
1475779471|/index.php?id=log|http://mysite2.local/index.php
1475779522 | /index.php?id=log | http://mysite2.local/index.php
1475779592 | /index.php | http://mysite2.local/index.php?id=log
06-10-2016 21:47:10 | /index.php | http://mysite2.local/index.php?id=log
06-10-2016 21:47:11 | /index.php?id=log | http://mysite2.local/index.php
06-10-2016 21:48:11 ; /index.php?id=log ; http://mysite2.local/index.php
06-10-2016 21:48:18 ; /index.php ; http://mysite2.local/index.php?id=log
06-10-2016 21:48:19 ; /index.php?id=contact ; http://mysite2.local/index.php
06-10-2016 21:48:20 ; /index.php?id=about ; http://mysite2.local/index.php?id=contact
06-10-2016 21:48:20 ; /index.php?id=log ; http://mysite2.local/index.php?id=about
06-10-2016 21:53:38 ; /index.php ; http://mysite2.local/index.php?id=log
06-10-2016 21:53:42 ; /index.php?id=log ; http://mysite2.local/index.php
06-10-2016 21:54:09 ; /index.php?id=log ; http://mysite2.local/index.php
06-10-2016 21:54:10 ; /index.php?id=log ; http://mysite2.local/index.php
06-10-2016 21:54:11 ; /index.php?id=log ; http://mysite2.local/index.php
06-10-2016 21:55:46 ; /index.php?id=log ; http://mysite2.local/index.php
[06-10-2016 21:56:19] ; /index.php?id=log ; http://mysite2.local/index.php
